[debug] [2019-08-13T15:39:23.201Z] ----------------------------------------------------------------------
[debug] [2019-08-13T15:39:23.203Z] Command:       C:\Program Files\nodejs\node.exe C:\Users\Ilarion\AppData\Roaming\npm\node_modules\firebase-tools\lib\bin\firebase.js init
[debug] [2019-08-13T15:39:23.203Z] CLI Version:   7.2.2
[debug] [2019-08-13T15:39:23.203Z] Platform:      win32
[debug] [2019-08-13T15:39:23.204Z] Node Version:  v10.16.0
[debug] [2019-08-13T15:39:23.205Z] Time:          Tue Aug 13 2019 18:39:23 GMT+0300 (GMT+03:00)
[debug] [2019-08-13T15:39:23.205Z] ----------------------------------------------------------------------
[debug] 
[debug] [2019-08-13T15:39:23.211Z] > command requires scopes: ["email","openid","https://www.googleapis.com/auth/cloudplatformprojects.readonly","https://www.googleapis.com/auth/firebase","https://www.googleapis.com/auth/cloud-platform"]
[debug] [2019-08-13T15:39:23.211Z] > authorizing via signed-in user
[info] 
     ######## #### ########  ######## ########     ###     ######  ########
     ##        ##  ##     ## ##       ##     ##  ##   ##  ##       ##
     ######    ##  ########  ######   ########  #########  ######  ######
     ##        ##  ##    ##  ##       ##     ## ##     ##       ## ##
     ##       #### ##     ## ######## ########  ##     ##  ######  ########

You're about to initialize a Firebase project in this directory:

  D:\Medecine Angular\book-ang

[info] 
=== Project Setup
[info] 
[info] First, let's associate this project directory with a Firebase project.
[info] You can create multiple project aliases by running firebase use --add, 
[info] but for now we'll just set up a default project.
[info] 
[debug] [2019-08-13T15:39:29.291Z] >>> HTTP REQUEST GET https://firebase.googleapis.com/v1beta1/projects?page_size=100  
 
[debug] [2019-08-13T15:39:29.764Z] <<< HTTP RESPONSE 200
[info] i  Using project caramel-sum-247014 (test )
[info] 
=== Database Setup
[info] 
[info] Firebase Realtime Database Rules allow you to define how your data should be
[info] structured and when your data can be read from and written to.
[info] 
[debug] [2019-08-13T15:39:33.556Z] >>> HTTP REQUEST GET https://caramel-sum-247014.firebaseio.com/.settings/rules.json  
 
[debug] [2019-08-13T15:39:34.356Z] <<< HTTP RESPONSE 200
[debug] [2019-08-13T15:39:34.532Z] Error: EISDIR: illegal operation on a directory, open 'D:\Medecine Angular\book-ang'
    at Object.openSync (fs.js:443:3)
    at Object.writeFileSync (fs.js:1194:35)
    at Config.writeProjectFile (C:\Users\Ilarion\AppData\Roaming\npm\node_modules\firebase-tools\lib\config.js:179:8)
    at C:\Users\Ilarion\AppData\Roaming\npm\node_modules\firebase-tools\lib\init\features\database.js:25:23
    at process._tickCallback (internal/process/next_tick.js:68:7)
[error] 
[error] Error: An unexpected error has occurred.
